<?xml version="1.0" encoding="UTF-8"?>
<!-- Generated by org.testng.reporters.JUnitReportReporter -->
<testsuite hostname="MSOE-CND52919J1" name="operation.DivOperationTest" tests="5" failures="0" timestamp="6 Jan 2016 03:58:24 GMT" time="0.002" errors="0">
  <testcase name="testValueSize" time="0.001" classname="operation.DivOperationTest"/>
  <testcase name="testDivideBoth" time="0.001" classname="operation.DivOperationTest"/>
  <testcase name="testDivideNegatives" time="0.000" classname="operation.DivOperationTest"/>
  <testcase name="testEmptyList" time="0.000" classname="operation.DivOperationTest"/>
  <testcase name="testDividePositives" time="0.000" classname="operation.DivOperationTest"/>
</testsuite>
