<?xml version="1.0" encoding="UTF-8"?>
<!-- Generated by org.testng.reporters.JUnitReportReporter -->
<testsuite hostname="Pat-Z-MBP.nebula.msoe.edu" name="operation.SubOperationTest" tests="5" failures="0" timestamp="6 Jan 2016 21:26:11 GMT" time="0.002" errors="0">
  <testcase name="testBoth" time="0.001" classname="operation.SubOperationTest"/>
  <testcase name="testPositiveNumbers" time="0.000" classname="operation.SubOperationTest"/>
  <testcase name="testEmptyList" time="0.000" classname="operation.SubOperationTest"/>
  <testcase name="testNegativeNumbers" time="0.000" classname="operation.SubOperationTest"/>
  <testcase name="testValueSize" time="0.001" classname="operation.SubOperationTest"/>
</testsuite>
