<?xml version="1.0" encoding="UTF-8"?>
<!-- Generated by org.testng.reporters.JUnitReportReporter -->
<testsuite hostname="Pat-Z-MBP.nebula.msoe.edu" name="operation.MultOperationTest" tests="5" failures="0" timestamp="6 Jan 2016 21:26:11 GMT" time="0.000" errors="0">
  <testcase name="testMultiplyBoth" time="0.000" classname="operation.MultOperationTest"/>
  <testcase name="testEmptyList" time="0.000" classname="operation.MultOperationTest"/>
  <testcase name="testMultiplyNegative" time="0.000" classname="operation.MultOperationTest"/>
  <testcase name="testValueSize" time="0.000" classname="operation.MultOperationTest"/>
  <testcase name="testMultiplyPositive" time="0.000" classname="operation.MultOperationTest"/>
</testsuite>
