<?xml version="1.0" encoding="UTF-8"?>
<!-- Generated by org.testng.reporters.JUnitReportReporter -->
<testsuite hostname="Pat-Z-MBP.nebula.msoe.edu" name="calculator.CalculatorTest" tests="15" failures="0" timestamp="6 Jan 2016 21:26:11 GMT" time="0.012" errors="0">
  <testcase name="testInvalidIntegerSubtitution" time="0.000" classname="calculator.CalculatorTest"/>
  <testcase name="testStandardOperations" time="0.001" classname="calculator.CalculatorTest"/>
  <testcase name="testStandardOperations" time="0.001" classname="calculator.CalculatorTest"/>
  <testcase name="testNonIntegerSubstitution" time="0.001" classname="calculator.CalculatorTest"/>
  <testcase name="testExit" time="0.000" classname="calculator.CalculatorTest"/>
  <testcase name="testLargeIntegerSubstitution" time="0.001" classname="calculator.CalculatorTest"/>
  <testcase name="testNonInteger" time="0.001" classname="calculator.CalculatorTest"/>
  <testcase name="testStandardOperations" time="0.004" classname="calculator.CalculatorTest"/>
  <testcase name="testStandardOperations" time="0.000" classname="calculator.CalculatorTest"/>
  <testcase name="testSubstitutionOperations" time="0.001" classname="calculator.CalculatorTest"/>
  <testcase name="testStandardOperations" time="0.000" classname="calculator.CalculatorTest"/>
  <testcase name="testBadCommand" time="0.000" classname="calculator.CalculatorTest"/>
  <testcase name="testStandardOperations" time="0.001" classname="calculator.CalculatorTest"/>
  <testcase name="testStandardOperations" time="0.001" classname="calculator.CalculatorTest"/>
  <testcase name="testStandardOperations" time="0.000" classname="calculator.CalculatorTest"/>
</testsuite>
