<?xml version="1.0" encoding="UTF-8"?>
<!-- Generated by org.testng.reporters.JUnitReportReporter -->
<testsuite hostname="Pat-Z-MBP.nebula.msoe.edu" name="operation.AddOperationTest" tests="6" failures="0" timestamp="6 Jan 2016 21:26:11 GMT" time="0.001" errors="0">
  <testcase name="testAddPositives" time="0.000" classname="operation.AddOperationTest"/>
  <testcase name="testNullList" time="0.000" classname="operation.AddOperationTest"/>
  <testcase name="testValueSize" time="0.000" classname="operation.AddOperationTest"/>
  <testcase name="testEmptyNumberList" time="0.000" classname="operation.AddOperationTest"/>
  <testcase name="testAddNegatives" time="0.000" classname="operation.AddOperationTest"/>
  <testcase name="testAddBoth" time="0.001" classname="operation.AddOperationTest"/>
</testsuite>
