<?xml version="1.0" encoding="UTF-8"?>
<!-- Generated by org.testng.reporters.JUnitReportReporter -->
<testsuite hostname="MSOE-CND52919J1" name="computation.ComputationTest" tests="9" failures="0" timestamp="17 Jan 2016 22:44:16 GMT" time="0.001" errors="0">
  <testcase name="testGetResult" time="0.000" classname="computation.ComputationTest"/>
  <testcase name="testGetName" time="0.000" classname="computation.ComputationTest"/>
  <testcase name="testConstructor" time="0.000" classname="computation.ComputationTest"/>
  <testcase name="testConstructor" time="0.000" classname="computation.ComputationTest"/>
  <testcase name="testComputationString" time="0.000" classname="computation.ComputationTest"/>
  <testcase name="testConstructor" time="0.000" classname="computation.ComputationTest"/>
  <testcase name="testConstructor" time="0.001" classname="computation.ComputationTest"/>
  <testcase name="testGetNumberList" time="0.000" classname="computation.ComputationTest"/>
  <testcase name="testConstructor" time="0.000" classname="computation.ComputationTest"/>
</testsuite>
