<?xml version="1.0" encoding="UTF-8"?>
<!-- Generated by org.testng.reporters.JUnitReportReporter -->
<testsuite hostname="MSOE-CND52919J1" name="operation.SubOperationTest" tests="5" failures="0" timestamp="17 Jan 2016 22:44:16 GMT" time="0.001" errors="0">
  <testcase name="testEmptyList" time="0.001" classname="operation.SubOperationTest"/>
  <testcase name="testPositiveNumbers" time="0.000" classname="operation.SubOperationTest"/>
  <testcase name="testValueSize" time="0.000" classname="operation.SubOperationTest"/>
  <testcase name="testBoth" time="0.000" classname="operation.SubOperationTest"/>
  <testcase name="testNegativeNumbers" time="0.000" classname="operation.SubOperationTest"/>
</testsuite>
