<?xml version="1.0" encoding="UTF-8"?>
<!-- Generated by org.testng.reporters.JUnitReportReporter -->
<testsuite hostname="Pat-Z-MBP.nebula.msoe.edu" name="operation.SqrOperationTest" tests="5" failures="0" timestamp="6 Jan 2016 21:26:11 GMT" time="0.000" errors="0">
  <testcase name="testEmptyList" time="0.000" classname="operation.SqrOperationTest"/>
  <testcase name="testValueSize" time="0.000" classname="operation.SqrOperationTest"/>
  <testcase name="testMoreThanOneElementList" time="0.000" classname="operation.SqrOperationTest"/>
  <testcase name="testNegativeNumbers" time="0.000" classname="operation.SqrOperationTest"/>
  <testcase name="testPositiveNumbers" time="0.000" classname="operation.SqrOperationTest"/>
</testsuite>
