<?xml version="1.0" encoding="UTF-8"?>
<!-- Generated by org.testng.reporters.JUnitReportReporter -->
<testsuite hostname="Pat-Z-MBP.nebula.msoe.edu" name="operation.DivOperationTest" tests="5" failures="0" timestamp="6 Jan 2016 21:26:11 GMT" time="0.001" errors="0">
  <testcase name="testDividePositives" time="0.000" classname="operation.DivOperationTest"/>
  <testcase name="testDivideNegatives" time="0.000" classname="operation.DivOperationTest"/>
  <testcase name="testDivideBoth" time="0.000" classname="operation.DivOperationTest"/>
  <testcase name="testEmptyList" time="0.001" classname="operation.DivOperationTest"/>
  <testcase name="testValueSize" time="0.000" classname="operation.DivOperationTest"/>
</testsuite>
