<?xml version="1.0" encoding="UTF-8"?>
<!-- Generated by org.testng.reporters.JUnitReportReporter -->
<testsuite hostname="MSOE-CND52919J1" name="calculator.MenuTest" tests="1" failures="0" timestamp="17 Jan 2016 22:44:16 GMT" time="0.020" errors="0">
  <testcase name="testInput" time="0.020" classname="calculator.MenuTest"/>
</testsuite>
