<?xml version="1.0" encoding="UTF-8"?>
<!-- Generated by org.testng.reporters.JUnitReportReporter -->
<testsuite hostname="MSOE-CND52919J1" name="operation.AddOperationTest" tests="6" failures="0" timestamp="17 Jan 2016 22:44:16 GMT" time="0.002" errors="0">
  <testcase name="testAddBoth" time="0.000" classname="operation.AddOperationTest"/>
  <testcase name="testAddPositives" time="0.001" classname="operation.AddOperationTest"/>
  <testcase name="testEmptyNumberList" time="0.000" classname="operation.AddOperationTest"/>
  <testcase name="testValueSize" time="0.001" classname="operation.AddOperationTest"/>
  <testcase name="testAddNegatives" time="0.000" classname="operation.AddOperationTest"/>
  <testcase name="testNullList" time="0.000" classname="operation.AddOperationTest"/>
</testsuite>
