<?xml version="1.0" encoding="UTF-8"?>
<!-- Generated by org.testng.reporters.JUnitReportReporter -->
<testsuite hostname="MSOE-CND52919J1" name="logger.LoggerTest" tests="22" failures="0" timestamp="6 Jan 2016 03:58:24 GMT" time="0.004" errors="0">
  <testcase name="testPrintNLogs" time="0.000" classname="logger.LoggerTest"/>
  <testcase name="testPrintNLogs" time="0.000" classname="logger.LoggerTest"/>
  <testcase name="testGetInstance" time="0.000" classname="logger.LoggerTest"/>
  <testcase name="testGetComputation" time="0.000" classname="logger.LoggerTest"/>
  <testcase name="testPrintNLogs" time="0.001" classname="logger.LoggerTest"/>
  <testcase name="testPrintNLogs" time="0.000" classname="logger.LoggerTest"/>
  <testcase name="testLog" time="0.000" classname="logger.LoggerTest"/>
  <testcase name="testClearLogHistory" time="0.000" classname="logger.LoggerTest"/>
  <testcase name="testPrintNLogs" time="0.001" classname="logger.LoggerTest"/>
  <testcase name="testPrintNLogs" time="0.000" classname="logger.LoggerTest"/>
  <testcase name="testPrintNLogs" time="0.000" classname="logger.LoggerTest"/>
  <testcase name="testGetComputation" time="0.000" classname="logger.LoggerTest"/>
  <testcase name="testGetComputation" time="0.000" classname="logger.LoggerTest"/>
  <testcase name="testPrintMostRecentLog" time="0.001" classname="logger.LoggerTest"/>
  <testcase name="testGetComputation" time="0.000" classname="logger.LoggerTest"/>
  <testcase name="testGetComputation" time="0.000" classname="logger.LoggerTest"/>
  <testcase name="testGetComputation" time="0.000" classname="logger.LoggerTest"/>
  <testcase name="testGetComputation" time="0.000" classname="logger.LoggerTest"/>
  <testcase name="testGetComputation" time="0.000" classname="logger.LoggerTest"/>
  <testcase name="testGetComputation" time="0.001" classname="logger.LoggerTest"/>
  <testcase name="testPrintNLogs" time="0.000" classname="logger.LoggerTest"/>
  <testcase name="testGetComputation" time="0.000" classname="logger.LoggerTest"/>
</testsuite>
