<?xml version="1.0" encoding="UTF-8"?>
<!-- Generated by org.testng.reporters.JUnitReportReporter -->
<testsuite hostname="MSOE-CND52919J1" name="operation.SqrOperationTest" tests="5" failures="0" timestamp="6 Jan 2016 03:58:24 GMT" time="0.000" errors="0">
  <testcase name="testNegativeNumbers" time="0.000" classname="operation.SqrOperationTest"/>
  <testcase name="testPositiveNumbers" time="0.000" classname="operation.SqrOperationTest"/>
  <testcase name="testValueSize" time="0.000" classname="operation.SqrOperationTest"/>
  <testcase name="testMoreThanOneElementList" time="0.000" classname="operation.SqrOperationTest"/>
  <testcase name="testEmptyList" time="0.000" classname="operation.SqrOperationTest"/>
</testsuite>
