<?xml version="1.0" encoding="UTF-8"?>
<!-- Generated by org.testng.reporters.JUnitReportReporter -->
<testsuite hostname="Pat-Z-MBP.nebula.msoe.edu" name="computation.ComputationTest" tests="9" failures="0" timestamp="6 Jan 2016 21:26:11 GMT" time="0.002" errors="0">
  <testcase name="testConstructor" time="0.001" classname="computation.ComputationTest"/>
  <testcase name="testConstructor" time="0.000" classname="computation.ComputationTest"/>
  <testcase name="testConstructor" time="0.000" classname="computation.ComputationTest"/>
  <testcase name="testComputationString" time="0.000" classname="computation.ComputationTest"/>
  <testcase name="testGetName" time="0.001" classname="computation.ComputationTest"/>
  <testcase name="testConstructor" time="0.000" classname="computation.ComputationTest"/>
  <testcase name="testConstructor" time="0.000" classname="computation.ComputationTest"/>
  <testcase name="testGetNumberList" time="0.000" classname="computation.ComputationTest"/>
  <testcase name="testGetResult" time="0.000" classname="computation.ComputationTest"/>
</testsuite>
