<?xml version="1.0" encoding="UTF-8"?>
<!-- Generated by org.testng.reporters.JUnitReportReporter -->
<testsuite hostname="MSOE-CND52919J1" name="operation.MultOperationTest" tests="5" failures="0" timestamp="17 Jan 2016 22:44:16 GMT" time="0.000" errors="0">
  <testcase name="testMultiplyPositive" time="0.000" classname="operation.MultOperationTest"/>
  <testcase name="testValueSize" time="0.000" classname="operation.MultOperationTest"/>
  <testcase name="testEmptyList" time="0.000" classname="operation.MultOperationTest"/>
  <testcase name="testMultiplyNegative" time="0.000" classname="operation.MultOperationTest"/>
  <testcase name="testMultiplyBoth" time="0.000" classname="operation.MultOperationTest"/>
</testsuite>
